<?xml version="1.0" encoding="UTF-8"?>
<testsuite xmlns:xsi="http://www.w3.org/2001/XMLSchema-instance" xsi:noNamespaceSchemaLocation="https://maven.apache.org/surefire/maven-surefire-plugin/xsd/surefire-test-report.xsd" name="michu.fr.AppTest" time="0.046" tests="1" errors="0" skipped="0" failures="0">
  <properties>
    <property name="java.specification.version" value="21"/>
    <property name="sun.jnu.encoding" value="UTF-8"/>
    <property name="java.class.path" value="/home/ifkash/Docs/nectar/java_code/target/test-classes:/home/ifkash/Docs/nectar/java_code/target/classes:/home/ifkash/.m2/repository/junit/junit/4.11/junit-4.11.jar:/home/ifkash/.m2/repository/org/hamcrest/hamcrest-core/1.3/hamcrest-core-1.3.jar:/home/ifkash/.m2/repository/org/matheclipse/matheclipse-core/3.0.0/matheclipse-core-3.0.0.jar:/home/ifkash/.m2/repository/org/matheclipse/matheclipse-external/3.0.0/matheclipse-external-3.0.0.jar:/home/ifkash/.m2/repository/com/google/guava/guava/32.1.3-jre/guava-32.1.3-jre.jar:/home/ifkash/.m2/repository/com/google/guava/failureaccess/1.0.1/failureaccess-1.0.1.jar:/home/ifkash/.m2/repository/com/google/guava/listenablefuture/9999.0-empty-to-avoid-conflict-with-guava/listenablefuture-9999.0-empty-to-avoid-conflict-with-guava.jar:/home/ifkash/.m2/repository/com/google/code/findbugs/jsr305/3.0.2/jsr305-3.0.2.jar:/home/ifkash/.m2/repository/org/checkerframework/checker-qual/3.37.0/checker-qual-3.37.0.jar:/home/ifkash/.m2/repository/com/google/errorprone/error_prone_annotations/2.21.1/error_prone_annotations-2.21.1.jar:/home/ifkash/.m2/repository/com/google/j2objc/j2objc-annotations/2.8/j2objc-annotations-2.8.jar:/home/ifkash/.m2/repository/com/fasterxml/jackson/core/jackson-databind/2.15.3/jackson-databind-2.15.3.jar:/home/ifkash/.m2/repository/com/fasterxml/jackson/core/jackson-annotations/2.15.3/jackson-annotations-2.15.3.jar:/home/ifkash/.m2/repository/com/fasterxml/jackson/core/jackson-core/2.15.3/jackson-core-2.15.3.jar:/home/ifkash/.m2/repository/io/pebbletemplates/pebble/3.2.1/pebble-3.2.1.jar:/home/ifkash/.m2/repository/org/unbescape/unbescape/1.1.6.RELEASE/unbescape-1.1.6.RELEASE.jar:/home/ifkash/.m2/repository/org/matheclipse/matheclipse-parser/3.0.0/matheclipse-parser-3.0.0.jar:/home/ifkash/.m2/repository/de/uni-mannheim/rz/krum/jas/2.7.200/jas-2.7.200.jar:/home/ifkash/.m2/repository/org/apfloat/apfloat/1.12.0/apfloat-1.12.0.jar:/home/ifkash/.m2/repository/org/hipparchus/hipparchus-clustering/3.0/hipparchus-clustering-3.0.jar:/home/ifkash/.m2/repository/org/hipparchus/hipparchus-core/3.0/hipparchus-core-3.0.jar:/home/ifkash/.m2/repository/org/hipparchus/hipparchus-stat/3.0/hipparchus-stat-3.0.jar:/home/ifkash/.m2/repository/org/hipparchus/hipparchus-fft/3.0/hipparchus-fft-3.0.jar:/home/ifkash/.m2/repository/org/hipparchus/hipparchus-fitting/3.0/hipparchus-fitting-3.0.jar:/home/ifkash/.m2/repository/org/hipparchus/hipparchus-ode/3.0/hipparchus-ode-3.0.jar:/home/ifkash/.m2/repository/org/hipparchus/hipparchus-optim/3.0/hipparchus-optim-3.0.jar:/home/ifkash/.m2/repository/org/jgrapht/jgrapht-io/1.5.2/jgrapht-io-1.5.2.jar:/home/ifkash/.m2/repository/org/jgrapht/jgrapht-core/1.5.2/jgrapht-core-1.5.2.jar:/home/ifkash/.m2/repository/org/jheaps/jheaps/0.14/jheaps-0.14.jar:/home/ifkash/.m2/repository/org/antlr/antlr4-runtime/4.12.0/antlr4-runtime-4.12.0.jar:/home/ifkash/.m2/repository/org/apache/commons/commons-text/1.10.0/commons-text-1.10.0.jar:/home/ifkash/.m2/repository/org/apache/commons/commons-lang3/3.13.0/commons-lang3-3.13.0.jar:/home/ifkash/.m2/repository/org/apache/commons/commons-csv/1.10.0/commons-csv-1.10.0.jar:/home/ifkash/.m2/repository/org/logicng/logicng-j11/2.4.2/logicng-j11-2.4.2.jar:/home/ifkash/.m2/repository/org/gavaghan/geodesy/1.1.3/geodesy-1.1.3.jar:/home/ifkash/.m2/repository/it/unimi/dsi/fastutil-core/8.5.12/fastutil-core-8.5.12.jar:/home/ifkash/.m2/repository/org/codehaus/janino/janino/3.1.10/janino-3.1.10.jar:/home/ifkash/.m2/repository/org/codehaus/janino/commons-compiler/3.1.10/commons-compiler-3.1.10.jar:/home/ifkash/.m2/repository/com/univocity/univocity-parsers/2.9.1/univocity-parsers-2.9.1.jar:/home/ifkash/.m2/repository/org/organicdesign/Paguro/3.10.3/Paguro-3.10.3.jar:/home/ifkash/.m2/repository/org/jetbrains/annotations/23.0.0/annotations-23.0.0.jar:/home/ifkash/.m2/repository/org/choco-solver/choco-solver/4.10.14/choco-solver-4.10.14.jar:/home/ifkash/.m2/repository/dk/brics/automaton/automaton/1.11-8/automaton-1.11-8.jar:/home/ifkash/.m2/repository/org/knowm/xchart/xchart/3.8.3/xchart-3.8.3.jar:/home/ifkash/.m2/repository/de/erichseifert/vectorgraphics2d/VectorGraphics2D/0.13/VectorGraphics2D-0.13.jar:/home/ifkash/.m2/repository/de/rototor/pdfbox/graphics2d/0.41/graphics2d-0.41.jar:/home/ifkash/.m2/repository/org/apache/pdfbox/pdfbox/2.0.26/pdfbox-2.0.26.jar:/home/ifkash/.m2/repository/org/apache/pdfbox/fontbox/2.0.26/fontbox-2.0.26.jar:/home/ifkash/.m2/repository/commons-logging/commons-logging/1.2/commons-logging-1.2.jar:/home/ifkash/.m2/repository/com/madgag/animated-gif-lib/1.4/animated-gif-lib-1.4.jar:/home/ifkash/.m2/repository/org/ehcache/sizeof/0.4.3/sizeof-0.4.3.jar:/home/ifkash/.m2/repository/org/slf4j/slf4j-api/1.7.36/slf4j-api-1.7.36.jar:/home/ifkash/.m2/repository/net/sf/trove4j/trove4j/3.0.3/trove4j-3.0.3.jar:/home/ifkash/.m2/repository/com/esotericsoftware/kryo/5.5.0/kryo-5.5.0.jar:/home/ifkash/.m2/repository/com/esotericsoftware/reflectasm/1.11.9/reflectasm-1.11.9.jar:/home/ifkash/.m2/repository/org/objenesis/objenesis/3.3/objenesis-3.3.jar:/home/ifkash/.m2/repository/com/esotericsoftware/minlog/1.3.1/minlog-1.3.1.jar:/home/ifkash/.m2/repository/com/github/freva/ascii-table/1.8.0/ascii-table-1.8.0.jar:/home/ifkash/.m2/repository/de/labathome/AdaptiveQuadrature/1.0.2/AdaptiveQuadrature-1.0.2.jar:/home/ifkash/.m2/repository/org/apache/logging/log4j/log4j-api/2.21.1/log4j-api-2.21.1.jar:"/>
    <property name="java.vm.vendor" value="Ubuntu"/>
    <property name="sun.arch.data.model" value="64"/>
    <property name="java.vendor.url" value="https://ubuntu.com/"/>
    <property name="os.name" value="Linux"/>
    <property name="java.vm.specification.version" value="21"/>
    <property name="sun.java.launcher" value="SUN_STANDARD"/>
    <property name="user.country" value="US"/>
    <property name="sun.boot.library.path" value="/usr/lib/jvm/java-21-openjdk-amd64/lib"/>
    <property name="sun.java.command" value="/home/ifkash/Docs/nectar/java_code/target/surefire/surefirebooter1429252006278234292.jar /home/ifkash/Docs/nectar/java_code/target/surefire 2025-04-28T18-39-56_970-jvmRun1 surefire14229859508273065237tmp surefire_03726467077630507359tmp"/>
    <property name="jdk.debug" value="release"/>
    <property name="surefire.test.class.path" value="/home/ifkash/Docs/nectar/java_code/target/test-classes:/home/ifkash/Docs/nectar/java_code/target/classes:/home/ifkash/.m2/repository/junit/junit/4.11/junit-4.11.jar:/home/ifkash/.m2/repository/org/hamcrest/hamcrest-core/1.3/hamcrest-core-1.3.jar:/home/ifkash/.m2/repository/org/matheclipse/matheclipse-core/3.0.0/matheclipse-core-3.0.0.jar:/home/ifkash/.m2/repository/org/matheclipse/matheclipse-external/3.0.0/matheclipse-external-3.0.0.jar:/home/ifkash/.m2/repository/com/google/guava/guava/32.1.3-jre/guava-32.1.3-jre.jar:/home/ifkash/.m2/repository/com/google/guava/failureaccess/1.0.1/failureaccess-1.0.1.jar:/home/ifkash/.m2/repository/com/google/guava/listenablefuture/9999.0-empty-to-avoid-conflict-with-guava/listenablefuture-9999.0-empty-to-avoid-conflict-with-guava.jar:/home/ifkash/.m2/repository/com/google/code/findbugs/jsr305/3.0.2/jsr305-3.0.2.jar:/home/ifkash/.m2/repository/org/checkerframework/checker-qual/3.37.0/checker-qual-3.37.0.jar:/home/ifkash/.m2/repository/com/google/errorprone/error_prone_annotations/2.21.1/error_prone_annotations-2.21.1.jar:/home/ifkash/.m2/repository/com/google/j2objc/j2objc-annotations/2.8/j2objc-annotations-2.8.jar:/home/ifkash/.m2/repository/com/fasterxml/jackson/core/jackson-databind/2.15.3/jackson-databind-2.15.3.jar:/home/ifkash/.m2/repository/com/fasterxml/jackson/core/jackson-annotations/2.15.3/jackson-annotations-2.15.3.jar:/home/ifkash/.m2/repository/com/fasterxml/jackson/core/jackson-core/2.15.3/jackson-core-2.15.3.jar:/home/ifkash/.m2/repository/io/pebbletemplates/pebble/3.2.1/pebble-3.2.1.jar:/home/ifkash/.m2/repository/org/unbescape/unbescape/1.1.6.RELEASE/unbescape-1.1.6.RELEASE.jar:/home/ifkash/.m2/repository/org/matheclipse/matheclipse-parser/3.0.0/matheclipse-parser-3.0.0.jar:/home/ifkash/.m2/repository/de/uni-mannheim/rz/krum/jas/2.7.200/jas-2.7.200.jar:/home/ifkash/.m2/repository/org/apfloat/apfloat/1.12.0/apfloat-1.12.0.jar:/home/ifkash/.m2/repository/org/hipparchus/hipparchus-clustering/3.0/hipparchus-clustering-3.0.jar:/home/ifkash/.m2/repository/org/hipparchus/hipparchus-core/3.0/hipparchus-core-3.0.jar:/home/ifkash/.m2/repository/org/hipparchus/hipparchus-stat/3.0/hipparchus-stat-3.0.jar:/home/ifkash/.m2/repository/org/hipparchus/hipparchus-fft/3.0/hipparchus-fft-3.0.jar:/home/ifkash/.m2/repository/org/hipparchus/hipparchus-fitting/3.0/hipparchus-fitting-3.0.jar:/home/ifkash/.m2/repository/org/hipparchus/hipparchus-ode/3.0/hipparchus-ode-3.0.jar:/home/ifkash/.m2/repository/org/hipparchus/hipparchus-optim/3.0/hipparchus-optim-3.0.jar:/home/ifkash/.m2/repository/org/jgrapht/jgrapht-io/1.5.2/jgrapht-io-1.5.2.jar:/home/ifkash/.m2/repository/org/jgrapht/jgrapht-core/1.5.2/jgrapht-core-1.5.2.jar:/home/ifkash/.m2/repository/org/jheaps/jheaps/0.14/jheaps-0.14.jar:/home/ifkash/.m2/repository/org/antlr/antlr4-runtime/4.12.0/antlr4-runtime-4.12.0.jar:/home/ifkash/.m2/repository/org/apache/commons/commons-text/1.10.0/commons-text-1.10.0.jar:/home/ifkash/.m2/repository/org/apache/commons/commons-lang3/3.13.0/commons-lang3-3.13.0.jar:/home/ifkash/.m2/repository/org/apache/commons/commons-csv/1.10.0/commons-csv-1.10.0.jar:/home/ifkash/.m2/repository/org/logicng/logicng-j11/2.4.2/logicng-j11-2.4.2.jar:/home/ifkash/.m2/repository/org/gavaghan/geodesy/1.1.3/geodesy-1.1.3.jar:/home/ifkash/.m2/repository/it/unimi/dsi/fastutil-core/8.5.12/fastutil-core-8.5.12.jar:/home/ifkash/.m2/repository/org/codehaus/janino/janino/3.1.10/janino-3.1.10.jar:/home/ifkash/.m2/repository/org/codehaus/janino/commons-compiler/3.1.10/commons-compiler-3.1.10.jar:/home/ifkash/.m2/repository/com/univocity/univocity-parsers/2.9.1/univocity-parsers-2.9.1.jar:/home/ifkash/.m2/repository/org/organicdesign/Paguro/3.10.3/Paguro-3.10.3.jar:/home/ifkash/.m2/repository/org/jetbrains/annotations/23.0.0/annotations-23.0.0.jar:/home/ifkash/.m2/repository/org/choco-solver/choco-solver/4.10.14/choco-solver-4.10.14.jar:/home/ifkash/.m2/repository/dk/brics/automaton/automaton/1.11-8/automaton-1.11-8.jar:/home/ifkash/.m2/repository/org/knowm/xchart/xchart/3.8.3/xchart-3.8.3.jar:/home/ifkash/.m2/repository/de/erichseifert/vectorgraphics2d/VectorGraphics2D/0.13/VectorGraphics2D-0.13.jar:/home/ifkash/.m2/repository/de/rototor/pdfbox/graphics2d/0.41/graphics2d-0.41.jar:/home/ifkash/.m2/repository/org/apache/pdfbox/pdfbox/2.0.26/pdfbox-2.0.26.jar:/home/ifkash/.m2/repository/org/apache/pdfbox/fontbox/2.0.26/fontbox-2.0.26.jar:/home/ifkash/.m2/repository/commons-logging/commons-logging/1.2/commons-logging-1.2.jar:/home/ifkash/.m2/repository/com/madgag/animated-gif-lib/1.4/animated-gif-lib-1.4.jar:/home/ifkash/.m2/repository/org/ehcache/sizeof/0.4.3/sizeof-0.4.3.jar:/home/ifkash/.m2/repository/org/slf4j/slf4j-api/1.7.36/slf4j-api-1.7.36.jar:/home/ifkash/.m2/repository/net/sf/trove4j/trove4j/3.0.3/trove4j-3.0.3.jar:/home/ifkash/.m2/repository/com/esotericsoftware/kryo/5.5.0/kryo-5.5.0.jar:/home/ifkash/.m2/repository/com/esotericsoftware/reflectasm/1.11.9/reflectasm-1.11.9.jar:/home/ifkash/.m2/repository/org/objenesis/objenesis/3.3/objenesis-3.3.jar:/home/ifkash/.m2/repository/com/esotericsoftware/minlog/1.3.1/minlog-1.3.1.jar:/home/ifkash/.m2/repository/com/github/freva/ascii-table/1.8.0/ascii-table-1.8.0.jar:/home/ifkash/.m2/repository/de/labathome/AdaptiveQuadrature/1.0.2/AdaptiveQuadrature-1.0.2.jar:/home/ifkash/.m2/repository/org/apache/logging/log4j/log4j-api/2.21.1/log4j-api-2.21.1.jar:"/>
    <property name="sun.cpu.endian" value="little"/>
    <property name="user.home" value="/home/ifkash"/>
    <property name="user.language" value="en"/>
    <property name="java.specification.vendor" value="Oracle Corporation"/>
    <property name="java.version.date" value="2025-01-21"/>
    <property name="java.home" value="/usr/lib/jvm/java-21-openjdk-amd64"/>
    <property name="file.separator" value="/"/>
    <property name="basedir" value="/home/ifkash/Docs/nectar/java_code"/>
    <property name="java.vm.compressedOopsMode" value="32-bit"/>
    <property name="line.separator" value="&#10;"/>
    <property name="java.specification.name" value="Java Platform API Specification"/>
    <property name="java.vm.specification.vendor" value="Oracle Corporation"/>
    <property name="surefire.real.class.path" value="/home/ifkash/Docs/nectar/java_code/target/surefire/surefirebooter1429252006278234292.jar"/>
    <property name="sun.management.compiler" value="HotSpot 64-Bit Tiered Compilers"/>
    <property name="java.runtime.version" value="21.0.6+7-Ubuntu-124.04.1"/>
    <property name="user.name" value="ifkash"/>
    <property name="stdout.encoding" value="UTF-8"/>
    <property name="path.separator" value=":"/>
    <property name="os.version" value="6.8.0-53-generic"/>
    <property name="java.runtime.name" value="OpenJDK Runtime Environment"/>
    <property name="file.encoding" value="UTF-8"/>
    <property name="java.vm.name" value="OpenJDK 64-Bit Server VM"/>
    <property name="localRepository" value="/home/ifkash/.m2/repository"/>
    <property name="java.vendor.url.bug" value="https://bugs.launchpad.net/ubuntu/+source/openjdk-21"/>
    <property name="java.io.tmpdir" value="/tmp"/>
    <property name="java.version" value="21.0.6"/>
    <property name="user.dir" value="/home/ifkash/Docs/nectar/java_code"/>
    <property name="os.arch" value="amd64"/>
    <property name="java.vm.specification.name" value="Java Virtual Machine Specification"/>
    <property name="native.encoding" value="UTF-8"/>
    <property name="java.library.path" value="/usr/java/packages/lib:/usr/lib/x86_64-linux-gnu/jni:/lib/x86_64-linux-gnu:/usr/lib/x86_64-linux-gnu:/usr/lib/jni:/lib:/usr/lib"/>
    <property name="java.vm.info" value="mixed mode, sharing"/>
    <property name="stderr.encoding" value="UTF-8"/>
    <property name="java.vendor" value="Ubuntu"/>
    <property name="java.vm.version" value="21.0.6+7-Ubuntu-124.04.1"/>
    <property name="sun.io.unicode.encoding" value="UnicodeLittle"/>
    <property name="java.class.version" value="65.0"/>
  </properties>
  <testcase name="shouldAnswerWithTrue" classname="michu.fr.AppTest" time="0.009"/>
</testsuite>